Player Name          Place     RD1  RD2  RD3  RD4  TOTAL     Money Won
-----------------------------------------------------------------------
Leinkof              1         60   60   60   71   251       $  7388.53
Lvybwxtg             2         62   70   60   61   253       $  7245.28
Pymqor*              3         66   65   64   60   255
Rumbme               4         60   73   64   60   257       $  7109.27
Gaglod Dz            5         68   70   60   63   261       $  7072.52
Jnewxg               6T        64   66   65   67   262       $  6870.10
Pggkbb               6T        63   65   66   68   262       $  6870.10
Uyyfquzmeyfskv       8         61   77   64   61   263       $  6707.03
Dfnnzckps            9         64   72   62   66   264       $  6644.23
Wraatz*              9         74   63   65   62   264
Szkhfznol F M*       11        66   62   74   64   266
Tlrsppij             11T       61   65   75   65   266       $  6640.18
Wtbsee               11T       75   61   69   61   266       $  6640.18
Bknhkw Ncrd*         14        71   66   66   64   267
Ungfzo               14        73   67   67   60   267       $  6547.00
Mbpbeguquejhj Fvd    16T       61   76   68   63   268       $  5937.17
Menmey               16T       63   72   62   71   268       $  5937.17
Xtigsih Z            16T       66   75   62   65   268       $  5937.17
Ssfxtg X*            19        72   70   67   60   269
Tqiktx               19        74   67   66   62   269       $  5738.75
Moiawc W*            21        70   60   67   73   270
Ymqpxh               21        68   70   67   65   270       $  5623.58
Ayshwx Z Ufmnq       23T       64   66   71   70   271       $  5511.95
Famespjzr Ys Yv      23T       68   67   61   75   271       $  5511.95
Hdcnvw               23T       67   64   71   69   271       $  5511.95
Wujbqxi O            23T       60   67   73   71   271       $  5511.95
Dnobqc               27        64   66   65   78   273       $  5345.19
Jxkixdjt*            27        66   69   75   63   273
Xcxmjc *             27        67   65   76   65   273
Hbasjego Ti*         30        73   60   65   77   275
Ebhnlmm              31T       63   73   61   80   277       $  5177.64
Gspqoqbgn Xl         31T       64   67   71   75   277       $  5177.64
Naikam*              31        63   64   74   76   277
Xlpgdif Qpn E        31T       61   76   77   63   277       $  5177.64
Yityjrxko            31T       63   70   72   72   277       $  5177.64
Uiokcowxnq K         36        73   64   64   78   279       $  4918.35
Fohesymw*            37        64   69   72   75   280
Tbplyzis Wrurg       38T       74   68   79   60   281       $  4901.42
Zgsplowgi            38T       65   73   82   61   281       $  4901.42
Mxkynwqw             40        61   78   65   78   282       $  4882.76
Ncvkelzhnnpgnw*      40        66   76   78   62   282
Rfwcsf E J           42        62   78   80   63   283       $  4742.99
Xztqrssy*            42        77   61   66   79   283
Rlyauu               44T       78   63   81   62   284       $  4699.00
Uqcljjsd             44T       69   64   76   75   284       $  4699.00
Djqnqc               46T       81   62   72   71   286       $  4576.74
Pqpxrjiychcodm Wf*   46        77   62   81   66   286
Vslqprsh             46T       71   66   71   78   286       $  4576.74
Ntclgh Ohbcp Y Mf    49        60   81   74   72   287       $  4402.38
Pvgrrgsrek*          50        70   67   73   78   288
Amucimndjud          51T       64   72   72   82   290       $  4324.11
Cacehcv              51T       76   65   71   78   290       $  4324.11
Eeexgri              53T       78   65   80   68   291       $  4021.07
Hiqbjtik *           53        71   62   82   76   291
Qzdzub               53T       75   66   76   74   291       $  4021.07
Wdtksskaxdl          53T       60   71   77   83   291       $  4021.07
Meahkg               57        74   63   76   80   293       $  3820.43
Bnvfgv Va*           58        65   77   81   71   294
Dsycqhehea*          58        60   82   78   74   294
Xdlicjk Xmcmwo       58        67   73   80   74   294       $  3800.18
Zqfrpjapm*           58        70   62   80   82   294
Kqdorxrt             62        74   66   81   74   295       $  3800.18
Oghotpf S Ricfbr     63        70   72   78   76   296       $  3677.19
Ggxach Q             64        78   65   75   80   298       $  3623.36
Hgepkz L*            65        83   60   82   74   299
Soaifznb Nxyonp I    66        66   75   82   79   302       $  3581.98
Vpdjxyqt             67        79   64   83   80   306       $  3534.81
Jhdnaynta Eef                  68   62   66        DQ
Avdwzorwrs                     66   61             DQ
Ubbjbric                       63   72             DQ
Zevypzeb F                     62   77             DQ
Usgkmnq                        71   70             DQ
Wctgtwn                        78   64             DQ

Player Name          Place     RD1  RD2  RD3  RD4  TOTAL     Money Won
-----------------------------------------------------------------------
Letjqpdle Na*        1         68   60   62   62   252
Xngexr*              2         61   64   66   63   254
Satuzn Cx Dvlb       3         62   67   68   60   257       $  9437.90
Aamicoi J*           4         70   60   65   65   260
Ubxruwsprai          5         61   63   64   73   261       $  9416.41
Soppvtiyfe Ra        6T        62   76   63   62   263       $  8792.00
Wdause               6T        67   61   61   74   263       $  8792.00
Hhsxhn Cm            8T        66   76   65   60   267       $  8361.34
Ssfvoyem Fhn Dqid    8T        62   72   64   69   267       $  8361.34
Fnmbaqy V            10T       61   61   73   74   269       $  7983.77
Mwjqdj Zu            10T       69   62   75   63   269       $  7983.77
Sdmzohttytn Ypft     12        62   73   71   64   270       $  7829.15
Wcqayce Lgaffu       13        60   76   65   70   271       $  7779.11
Aeugqc               14T       61   82   67   63   273       $  7074.18
Ysdhztq              14T       79   63   68   63   273       $  7074.18
Dgztqaa              16T       64   76   71   63   274       $  6640.15
Grxekx               16T       65   67   70   72   274       $  6640.15
Xffkalrla            18T       66   76   68   65   275       $  6455.54
Ywhmgc               18T       69   72   71   63   275       $  6455.54
Aappzoi*             20        65   71   75   65   276
Cxsdrg               20T       75   62   67   72   276       $  6182.97
Iudfspxzle           20T       65   68   82   61   276       $  6182.97
Omeqlfzksnar*        20        68   74   61   73   276
Ucldakd Rxckea Pu    20T       62   73   78   63   276       $  6182.97
Mfbrnkzvctvbv        25T       66   61   74   76   277       $  6059.15
Vthfiv               25T       63   76   74   64   277       $  6059.15
Wzxsfpditjz Ewfdu    25T       63   64   70   80   277       $  6059.15
Djaebvlxydpotc       28        78   69   62   69   278       $  5429.66
Lemwwlnw             29T       64   70   70   75   279       $  5280.49
Xjjyyfo              29T       66   80   62   71   279       $  5280.49
Aedeto               31        60   82   73   65   280       $  5139.99
Gvbahl*              31        65   74   66   75   280
Ltovorifg*           31        67   74   79   60   280
Zraaaeh *            31        64   70   77   69   280
Mkbobau              35        72   65   68   76   281       $  5092.19
Mutzyvim Wnh         36T       65   69   70   78   282       $  5015.68
Zrphfoivxbvwrbtar    36T       61   66   73   82   282       $  5015.68
Geggin J*            38        67   63   79   74   283
Nbtgxdt Vc T*        38        67   69   75   72   283
Awmucqu              40T       63   80   65   76   284       $  4792.20
Jwgkatbe             40T       70   73   80   61   284       $  4792.20
Krfahnbheb           40T       77   67   60   80   284       $  4792.20
Mxmsmm               40T       61   79   77   67   284       $  4792.20
Rogckdak Fiujf       40T       69   69   68   78   284       $  4792.20
Xorquo Pzr Cym       40T       71   72   77   64   284       $  4792.20
Uhapgfk*             46        72   73   74   67   286
Urhcbmz Y            46T       61   80   79   66   286       $  4674.52
Znluiyfsu            46T       74   64   70   78   286       $  4674.52
Bmdypu*              49        62   69   80   76   287
Zlifxcd*             49        77   63   79   68   287
Mctltuvu             51T       67   68   73   80   288       $  4504.83
Suboed               51T       64   81   60   83   288       $  4504.83
Eicbnlon*            53        60   67   83   79   289
Twhpvg*              53        74   73   82   60   289
Uacbpqj Kndf         53        62   70   80   77   289       $  4428.48
Htaapz B             56T       69   67   76   79   291       $  4396.88
Twltmv T             56T       64   79   65   83   291       $  4396.88
Ggxbpv Lgh           58T       60   80   70   82   292       $  4186.07
Hmhakop Rycx Gt      58T       71   72   79   70   292       $  4186.07
Izaabbwt*            58        71   76   73   72   292
Nviajs               58T       77   69   69   77   292       $  4186.07
Bigfgm               62T       65   76   72   81   294       $  3405.49
Guznwmym S B         62T       68   65   81   80   294       $  3405.49
Wkqubqt*             62        69   77   83   65   294
Pgemjayfwqcat*       65        65   79   68   83   295
Uvjvah               65        62   82   71   80   295       $  3209.80
Pwzvah               67        75   71   70   81   297       $  3203.07
Ydypvmxhuk           68        68   78   72   80   298       $  3090.15
Xldpki               69        64   83   79   75   301       $  3058.71
Rugawc*              70        81   66   73   83   303
Ivqpdznvuj           71        75   68   81   80   304       $  3042.99
Hiddqm                         69   62   72        DQ
Nmmyxdfaq Qj Mxml              68   71             DQ
